*** Starting uWSGI 2.0.18 (64bit) on [Mon Jun  3 00:09:25 2019] ***
compiled with version: 5.4.0 20160609 on 23 April 2019 09:05:08
os: Linux-4.4.0-143-generic #169-Ubuntu SMP Thu Feb 7 07:56:38 UTC 2019
nodename: iZwz9c88sbllf3xisnpxb9Z
machine: x86_64
clock source: unix
detected number of CPU cores: 1
current working directory: /root/Desktop/Django/ols_project
writing pidfile to /root/Desktop/Django/ols_project/pid/uwsgi-8000.pid
detected binary path: /usr/local/bin/uwsgi
!!! no internal routing support, rebuild with pcre support !!!
uWSGI running as root, you can use --uid/--gid/--chroot options
*** WARNING: you are running uWSGI as root !!! (use the --uid flag) *** 
chdir() to /root/Desktop/Django/ols_project
your processes number limit is 7833
your memory page size is 4096 bytes
detected max file descriptor number: 65535
lock engine: pthread robust mutexes
thunder lock: disabled (you can enable it with --thunder-lock)
uWSGI http bound on :8000 fd 7
uwsgi socket 0 bound to TCP address 127.0.0.1:41105 (port auto-assigned) fd 6
uWSGI running as root, you can use --uid/--gid/--chroot options
*** WARNING: you are running uWSGI as root !!! (use the --uid flag) *** 
Python version: 3.5.2 (default, Nov 12 2018, 13:43:14)  [GCC 5.4.0 20160609]
Python main interpreter initialized at 0x137c110
uWSGI running as root, you can use --uid/--gid/--chroot options
*** WARNING: you are running uWSGI as root !!! (use the --uid flag) *** 
python threads support enabled
your server socket listen backlog is limited to 100 connections
your mercy for graceful operations on workers is 60 seconds
mapped 364520 bytes (355 KB) for 4 cores
*** Operational MODE: preforking ***
WSGI app 0 (mountpoint='') ready in 1 seconds on interpreter 0x137c110 pid: 30564 (default app)
uWSGI running as root, you can use --uid/--gid/--chroot options
*** WARNING: you are running uWSGI as root !!! (use the --uid flag) *** 
*** uWSGI is running in multiple interpreter mode ***
spawned uWSGI master process (pid: 30564)
spawned uWSGI worker 1 (pid: 30566, cores: 1)
spawned uWSGI worker 2 (pid: 30567, cores: 1)
spawned uWSGI worker 3 (pid: 30568, cores: 1)
spawned uWSGI worker 4 (pid: 30569, cores: 1)
spawned uWSGI http 1 (pid: 30570)
有错误-------------------------------
Internal Server Error: /information/
Traceback (most recent call last):
  File "/usr/local/lib/python3.5/dist-packages/django/core/handlers/exception.py", line 34, in inner
    response = get_response(request)
  File "/usr/local/lib/python3.5/dist-packages/django/core/handlers/base.py", line 126, in _get_response
    response = self.process_exception_by_middleware(e, request)
  File "/usr/local/lib/python3.5/dist-packages/django/core/handlers/base.py", line 124, in _get_response
    response = wrapped_callback(request, *callback_args, **callback_kwargs)
  File "./olsapp/views.py", line 290, in information
    'all':end_list
UnboundLocalError: local variable 'end_list' referenced before assignment
[pid: 30567|app: 0|req: 1/1] 14.27.44.61 () {40 vars in 779 bytes} [Mon Jun  3 00:10:21 2019] GET /information/ => generated 58742 bytes in 81 msecs (HTTP/1.1 500) 4 headers in 129 bytes (1 switches on core 0)
Internal Server Error: /cartest/
Traceback (most recent call last):
  File "/usr/local/lib/python3.5/dist-packages/django/core/handlers/exception.py", line 34, in inner
    response = get_response(request)
  File "/usr/local/lib/python3.5/dist-packages/django/core/handlers/base.py", line 126, in _get_response
    response = self.process_exception_by_middleware(e, request)
  File "/usr/local/lib/python3.5/dist-packages/django/core/handlers/base.py", line 124, in _get_response
    response = wrapped_callback(request, *callback_args, **callback_kwargs)
  File "/usr/local/lib/python3.5/dist-packages/django/views/decorators/csrf.py", line 54, in wrapped_view
    return view_func(*args, **kwargs)
  File "./olsapp/views.py", line 348, in carid
    print(Type,plate_num,plate_color,car_logo,car_color,vehicle_type,start_time,park_id,cam_id,picture,method)
OSError: [Errno 90] Message too long
[pid: 30566|app: 0|req: 1/2] 14.27.44.61 () {28 vars in 354 bytes} [Mon Jun  3 00:11:03 2019] POST /cartest/ => generated 405875 bytes in 3345 msecs (HTTP/1.1 500) 4 headers in 130 bytes (110 switches on core 0)
